<?xml version="1.0" encoding="UTF-8"?>
<testsuite xmlns:xsi="http://www.w3.org/2001/XMLSchema-instance" xsi:noNamespaceSchemaLocation="https://maven.apache.org/surefire/maven-surefire-plugin/xsd/surefire-test-report-3.0.xsd" version="3.0" name="com.example.testing.integration.BookIntegrationTest" time="2.048" tests="1" errors="0" skipped="0" failures="0">
  <properties>
[...]
</properties>
  <testcase name="shouldReturnAllBooks" classname="com.example.testing.integration.BookIntegrationTest" time="0.476">
    <system-out><![CDATA[2025-07-11T00:41:14.158+05:30  INFO 23568 --- [           main] t.c.s.AnnotationConfigContextLoaderUtils : Could not detect default configuration classes for test class [com.example.testing.integration.BookIntegrationTest]: BookIntegrationTest does not declare any static, non-private, non-final, nested classes annotated with @Configuration.
2025-07-11T00:41:14.207+05:30  INFO 23568 --- [           main] .b.t.c.SpringBootTestContextBootstrapper : Found @SpringBootConfiguration com.example.testing.TestingBestPracticesApplication for test class com.example.testing.integration.BookIntegrationTest

  .   ____          _            __ _ _
 /\\ / ___'_ __ _ _(_)_ __  __ _ \ \ \ \
( ( )\___ | '_ | '_| | '_ \/ _` | \ \ \ \
 \\/  ___)| |_)| | | | | || (_| |  ) ) ) )
  '  |____| .__|_| |_|_| |_\__, | / / / /
 =========|_|==============|___/=/_/_/_/
 :: Spring Boot ::                (v3.1.4)

2025-07-11T00:41:14.286+05:30  INFO 23568 --- [           main] c.e.t.integration.BookIntegrationTest    : Starting BookIntegrationTest using Java 21.0.1 with PID 23568 (started by KIIT in C:\Users\KIIT\NISUM\SPRINT5\day2\testing-best-practices)
2025-07-11T00:41:14.286+05:30  INFO 23568 --- [           main] c.e.t.integration.BookIntegrationTest    : No active profile set, falling back to 1 default profile: "default"
2025-07-11T00:41:14.787+05:30  INFO 23568 --- [           main] .s.d.r.c.RepositoryConfigurationDelegate : Bootstrapping Spring Data JPA repositories in DEFAULT mode.
2025-07-11T00:41:14.810+05:30  INFO 23568 --- [           main] .s.d.r.c.RepositoryConfigurationDelegate : Finished Spring Data repository scanning in 22 ms. Found 1 JPA repository interfaces.
2025-07-11T00:41:15.037+05:30  INFO 23568 --- [           main] com.zaxxer.hikari.HikariDataSource       : HikariPool-2 - Starting...
2025-07-11T00:41:15.043+05:30  INFO 23568 --- [           main] com.zaxxer.hikari.pool.HikariPool        : HikariPool-2 - Added connection conn10: url=jdbc:h2:mem:9bf9daf0-afb5-4be5-a02a-4ca9ac2c7f76 user=SA
2025-07-11T00:41:15.044+05:30  INFO 23568 --- [           main] com.zaxxer.hikari.HikariDataSource       : HikariPool-2 - Start completed.
2025-07-11T00:41:15.068+05:30  INFO 23568 --- [           main] o.hibernate.jpa.internal.util.LogHelper  : HHH000204: Processing PersistenceUnitInfo [name: default]
2025-07-11T00:41:15.081+05:30  INFO 23568 --- [           main] o.h.b.i.BytecodeProviderInitiator        : HHH000021: Bytecode provider name : bytebuddy
2025-07-11T00:41:15.081+05:30  INFO 23568 --- [           main] o.s.o.j.p.SpringPersistenceUnitInfo      : No LoadTimeWeaver setup: ignoring JPA class transformer
2025-07-11T00:41:15.109+05:30  INFO 23568 --- [           main] o.h.b.i.BytecodeProviderInitiator        : HHH000021: Bytecode provider name : bytebuddy
2025-07-11T00:41:15.180+05:30  INFO 23568 --- [           main] o.h.e.t.j.p.i.JtaPlatformInitiator       : HHH000490: Using JtaPlatform implementation: [org.hibernate.engine.transaction.jta.platform.internal.NoJtaPlatform]
2025-07-11T00:41:15.217+05:30  INFO 23568 --- [           main] j.LocalContainerEntityManagerFactoryBean : Initialized JPA EntityManagerFactory for persistence unit 'default'
2025-07-11T00:41:15.404+05:30  WARN 23568 --- [           main] JpaBaseConfiguration$JpaWebConfiguration : spring.jpa.open-in-view is enabled by default. Therefore, database queries may be performed during view rendering. Explicitly configure spring.jpa.open-in-view to disable this warning
2025-07-11T00:41:15.684+05:30  INFO 23568 --- [           main] o.s.b.t.m.w.SpringBootMockServletContext : Initializing Spring TestDispatcherServlet ''
2025-07-11T00:41:15.685+05:30  INFO 23568 --- [           main] o.s.t.web.servlet.TestDispatcherServlet  : Initializing Servlet ''
2025-07-11T00:41:15.686+05:30  INFO 23568 --- [           main] o.s.t.web.servlet.TestDispatcherServlet  : Completed initialization in 1 ms
2025-07-11T00:41:15.709+05:30  INFO 23568 --- [           main] c.e.t.integration.BookIntegrationTest    : Started BookIntegrationTest in 1.49 seconds (process running for 15.203)
]]></system-out>
  </testcase>
</testsuite>